<html xmlns:math="http://exslt.org/math" xmlns:testng="http://testng.org">
   <head>
      <title>TestNG Results</title>
      <meta http-equiv="content-type" content="text/html; charset=utf-8"></meta>
      <meta http-equiv="pragma" content="no-cache"></meta>
      <meta http-equiv="cache-control" content="max-age=0"></meta>
      <meta http-equiv="cache-control" content="no-cache"></meta>
      <meta http-equiv="cache-control" content="no-store"></meta>
      <LINK rel="stylesheet" href="style.css"></LINK>
      <script type="text/javascript" src="main.js"></script>
   </head>
   <body>
      <table width="100%" style="font-size: 16px; margin-bottom: 10px;" cellspacing="1">
         <tr>
            <td width="100%">
               All methods in suite
               
               <b>TestAll</b>
            </td>
            <td style="background-color: #FFBBBB; padding: 3px 3px 3px 0;" align="center">
               <div style="width: 50px;">1</div>
            </td>
            <td style="background-color: lightgreen; padding: 3px 3px 3px 0;" align="center">
               <div style="width: 50px;">3</div>
            </td>
            <td style="background-color: #FFFFBB; padding: 3px 3px 3px 0;" align="center">
               <div style="width: 50px;">0</div>
            </td>
            <td align="center" style="background-color: #eaf0f7; padding: 3px 3px 3px 0;">
               <div style="width: 50px;">4</div>
            </td>
            <td align="center"
                style="font-weight: bold; background-color: #eaf0f7; padding: 3px 3px 3px 0;">
               <div style="width: 50px;">75%</div>
            </td>
            <td style="background-color: #eaf0f7; padding: 3px 3px 3px 0;" align="center"
                nowrap="true">2m
               3s
               
            </td>
         </tr>
      </table>
      <div style="width: 200px;">
         <label for="groupMethodsCheckBox" style="font-weight: bold; margin: 0;">
            <input id="groupMethodsCheckBox" type="checkbox" onclick="switchTestMethodsView(this)"></input>
            Group by class
            
         </label>
         <br></br>
         <label for="methodsFilter_ALL" style="font-weight: bold; margin: 0;">
            <input id="methodsFilter_ALL" type="checkbox"
                   onclick="testMethodsFilterChanged(this, 'ALL')"></input>
            All
            
         </label>
      </div>
      <label for="methodsFilter_FAIL" style="margin-left: 20px;">
         <input id="methodsFilter_FAIL" type="checkbox"
                onclick="testMethodsFilterChanged(this, 'FAIL')"
                checked=""></input>
         Failed
         
      </label>
      <label for="methodsFilter_PASS">
         <input id="methodsFilter_PASS" type="checkbox"
                onclick="testMethodsFilterChanged(this, 'PASS')"
                checked=""></input>
         Passed
         
      </label>
      <label for="methodsFilter_SKIP">
         <input id="methodsFilter_SKIP" type="checkbox"
                onclick="testMethodsFilterChanged(this, 'SKIP')"
                checked=""></input>
         Skipped
         
      </label>
      <label for="methodsFilter_CONF">
         <input id="methodsFilter_CONF" type="checkbox"
                onclick="testMethodsFilterChanged(this, 'CONF')"></input>
         Config
         
      </label>
      <br></br>
      <div id="testMethodsByStatus">
         <table class="testMethodsTable" cellpadding="0" cellspacing="0">
            <tr class="methodsTableHeader">
               <td width="100%">Name</td>
               <td nowrap="true">Started</td>
               <td nowrap="true">Duration</td>
               <td>Exception</td>
            </tr>
            <tr id="Main.Test2_Search_imagesSort_byStatus_failed_FAIL1_row"
                class="testMethodStatusFAIL">
               <td width="100%" class="firstMethodCell">
                  <a onclick="toggleDetailsVisibility('Main.Test2_Search_imagesSort_byStatus_failed_FAIL1_details')">imagesSort()</a>
               </td>
               <td nowrap="true">17:00:36</td>
               <td nowrap="true" align="right">328 ms
                  
               </td>
               <td nowrap="true">
                  <a onclick="toggleDetailsVisibility('Main.Test2_Search_imagesSort_byStatus_failed_FAIL1_exception')">org.openqa.selenium.remote.SessionNotFoundException: 
                     no such session
                     (Driver info: chromedriver=2.9.248315,platform=Windows NT 6.1 SP1 x86) (WARNING: The server did not provide any stacktrace
                     information)
                     Command duration or timeout: 328 milliseconds
                     Build info: version: '2.43.0', revision: '597b76b', time: '2014-09-09 20:52:14'
                     System info: host: 'priyas', ip: '192.168.1.37', os.name: 'Windows 7', os.arch: 'x86', os.version: '6.1', java.version: '1.7.0_65'
                     Session ID: c5309e4d3c30e2ae3e902eaee0a7d2b1
                     Driver info: org.openqa.selenium.chrome.ChromeDriver
                     Capabilities [{platform=XP, acceptSslCerts=true, javascriptEnabled=true, browserName=chrome, chrome={userDataDir=C:\Users\Admin\AppData\Local\Temp\scoped_dir7044_16778},
                     rotatable=false, locationContextEnabled=true, version=38.0.2125.77, takesHeapSnapshot=true, cssSelectorsEnabled=true, databaseEnabled=false,
                     handlesAlerts=true, browserConnectionEnabled=false, nativeEvents=true, webStorageEnabled=true, applicationCacheEnabled=false,
                     takesScreenshot=true}]
                     
                  </a>
                   
                  
               </td>
            </tr>
            <tr>
               <td colspan="4" class="detailsBox">
                  <div id="Main.Test2_Search_imagesSort_byStatus_failed_FAIL1_details"
                       class="testMethodDetails">
                     <div>
                        <b>Name: </b>imagesSort
                     </div>
                     <div>
                        <b>Signature: </b>imagesSort()[pri:0, instance:Main.Test2_Search@1036b16]
                     </div>
                     <div>
                        <b>Start time: </b>17:00:36
                     </div>
                     <div>
                        <b>End time: </b>17:00:37
                     </div>
                     <div>
                        <b>Duration: </b>328 ms
                        
                     </div>
                  </div>
               </td>
            </tr>
            <tr>
               <td colspan="4" class="detailsBox">
                  <div id="Main.Test2_Search_imagesSort_byStatus_failed_FAIL1_exception"
                       class="testMethodDetails">
                     <pre style="padding: 5px; margin: 0;">org.openqa.selenium.remote.SessionNotFoundException: no such session
                        (Driver info: chromedriver=2.9.248315,platform=Windows NT 6.1 SP1 x86) (WARNING: The server did not provide any stacktrace
                        information)
                        Command duration or timeout: 328 milliseconds
                        Build info: version: '2.43.0', revision: '597b76b', time: '2014-09-09 20:52:14'
                        System info: host: 'priyas', ip: '192.168.1.37', os.name: 'Windows 7', os.arch: 'x86', os.version: '6.1', java.version: '1.7.0_65'
                        Session ID: c5309e4d3c30e2ae3e902eaee0a7d2b1
                        Driver info: org.openqa.selenium.chrome.ChromeDriver
                        Capabilities [{platform=XP, acceptSslCerts=true, javascriptEnabled=true, browserName=chrome, chrome={userDataDir=C:\Users\Admin\AppData\Local\Temp\scoped_dir7044_16778},
                        rotatable=false, locationContextEnabled=true, version=38.0.2125.77, takesHeapSnapshot=true, cssSelectorsEnabled=true, databaseEnabled=false,
                        handlesAlerts=true, browserConnectionEnabled=false, nativeEvents=true, webStorageEnabled=true, applicationCacheEnabled=false,
                        takesScreenshot=true}]
                        	at sun.reflect.NativeConstructorAccessorImpl.newInstance0(Native Method)
                        	at sun.reflect.NativeConstructorAccessorImpl.newInstance(NativeConstructorAccessorImpl.java:57)
                        	at sun.reflect.DelegatingConstructorAccessorImpl.newInstance(DelegatingConstructorAccessorImpl.java:45)
                        	at java.lang.reflect.Constructor.newInstance(Constructor.java:526)
                        	at org.openqa.selenium.remote.ErrorHandler.createThrowable(ErrorHandler.java:204)
                        	at org.openqa.selenium.remote.ErrorHandler.throwIfResponseFailed(ErrorHandler.java:162)
                        	at org.openqa.selenium.remote.RemoteWebDriver.execute(RemoteWebDriver.java:599)
                        	at org.openqa.selenium.remote.RemoteWebDriver.get(RemoteWebDriver.java:304)
                        	at Main.Test2_Search.imagesSort(Test2_Search.java:29)
                        	at sun.reflect.NativeMethodAccessorImpl.invoke0(Native Method)
                        	at sun.reflect.NativeMethodAccessorImpl.invoke(NativeMethodAccessorImpl.java:57)
                        	at sun.reflect.DelegatingMethodAccessorImpl.invoke(DelegatingMethodAccessorImpl.java:43)
                        	at java.lang.reflect.Method.invoke(Method.java:606)
                        	at org.testng.internal.MethodInvocationHelper.invokeMethod(MethodInvocationHelper.java:84)
                        	at org.testng.internal.Invoker.invokeMethod(Invoker.java:714)
                        	at org.testng.internal.Invoker.invokeTestMethod(Invoker.java:901)
                        	at org.testng.internal.Invoker.invokeTestMethods(Invoker.java:1231)
                        	at org.testng.internal.TestMethodWorker.invokeTestMethods(TestMethodWorker.java:127)
                        	at org.testng.internal.TestMethodWorker.run(TestMethodWorker.java:111)
                        	at org.testng.TestRunner.privateRun(TestRunner.java:767)
                        	at org.testng.TestRunner.run(TestRunner.java:617)
                        	at org.testng.SuiteRunner.runTest(SuiteRunner.java:334)
                        	at org.testng.SuiteRunner.runSequentially(SuiteRunner.java:329)
                        	at org.testng.SuiteRunner.privateRun(SuiteRunner.java:291)
                        	at org.testng.SuiteRunner.run(SuiteRunner.java:240)
                        	at org.testng.SuiteRunnerWorker.runSuite(SuiteRunnerWorker.java:52)
                        	at org.testng.SuiteRunnerWorker.run(SuiteRunnerWorker.java:86)
                        	at org.testng.TestNG.runSuitesSequentially(TestNG.java:1224)
                        	at org.testng.TestNG.runSuitesLocally(TestNG.java:1149)
                        	at org.testng.TestNG.run(TestNG.java:1057)
                        	at org.testng.TestNG.privateMain(TestNG.java:1364)
                        	at org.testng.TestNG.main(TestNG.java:1333)
                     </pre>
                  </div>
               </td>
            </tr>
            <tr id="Main.Test3_Footer_initialize_byStatus_passed_PASS1_row"
                class="testMethodStatusPASS testMethodStatusCONF">
               <td width="100%" class="firstMethodCell">
                  <a onclick="toggleDetailsVisibility('Main.Test3_Footer_initialize_byStatus_passed_PASS1_details')">initialize()</a>
               </td>
               <td nowrap="true">16:59:51</td>
               <td nowrap="true" align="right">23 ms
                  
               </td>
               <td nowrap="true">
                   
                  
               </td>
            </tr>
            <tr>
               <td colspan="4" class="detailsBox">
                  <div id="Main.Test3_Footer_initialize_byStatus_passed_PASS1_details"
                       class="testMethodDetails">
                     <div>
                        <b>Name: </b>initialize
                     </div>
                     <div>
                        <b>Signature: </b>initialize()[pri:0, instance:Main.Test3_Footer@46752d]
                     </div>
                     <div>
                        <b>Start time: </b>16:59:51
                     </div>
                     <div>
                        <b>End time: </b>16:59:51
                     </div>
                     <div>
                        <b>Duration: </b>23 ms
                        
                     </div>
                  </div>
               </td>
            </tr>
            <tr></tr>
            <tr id="Main.Test3_Footer_beforeMethod_byStatus_passed_PASS2_row"
                class="testMethodStatusPASS testMethodStatusCONF">
               <td width="100%" class="firstMethodCell">
                  <a onclick="toggleDetailsVisibility('Main.Test3_Footer_beforeMethod_byStatus_passed_PASS2_details')">beforeMethod()</a>
               </td>
               <td nowrap="true">16:59:51</td>
               <td nowrap="true" align="right">6s
                  
               </td>
               <td nowrap="true">
                   
                  
               </td>
            </tr>
            <tr>
               <td colspan="4" class="detailsBox">
                  <div id="Main.Test3_Footer_beforeMethod_byStatus_passed_PASS2_details"
                       class="testMethodDetails">
                     <div>
                        <b>Name: </b>beforeMethod
                     </div>
                     <div>
                        <b>Signature: </b>beforeMethod()[pri:0, instance:Main.Test_SelectCity@16ba008]
                     </div>
                     <div>
                        <b>Start time: </b>16:59:51
                     </div>
                     <div>
                        <b>End time: </b>16:59:57
                     </div>
                     <div>
                        <b>Duration: </b>6s
                        
                     </div>
                     <div>
                        <b>Depends on methods:
                           
                        </b>
                        <div>
                               -
                           Main.TestBase.initialize
                        </div>
                     </div>
                  </div>
               </td>
            </tr>
            <tr></tr>
            <tr id="Main.Test3_Footer_imagesSort_byStatus_passed_PASS3_row"
                class="testMethodStatusPASS">
               <td width="100%" class="firstMethodCell">
                  <a onclick="toggleDetailsVisibility('Main.Test3_Footer_imagesSort_byStatus_passed_PASS3_details')">imagesSort()</a>
               </td>
               <td nowrap="true">17:01:30</td>
               <td nowrap="true" align="right">30s
                  
               </td>
               <td nowrap="true">
                   
                  
               </td>
            </tr>
            <tr>
               <td colspan="4" class="detailsBox">
                  <div id="Main.Test3_Footer_imagesSort_byStatus_passed_PASS3_details"
                       class="testMethodDetails">
                     <div>
                        <b>Name: </b>imagesSort
                     </div>
                     <div>
                        <b>Signature: </b>imagesSort()[pri:0, instance:Main.Test3_Footer@46752d]
                     </div>
                     <div>
                        <b>Start time: </b>17:01:30
                     </div>
                     <div>
                        <b>End time: </b>17:02:00
                     </div>
                     <div>
                        <b>Duration: </b>30s
                        
                     </div>
                  </div>
               </td>
            </tr>
            <tr></tr>
            <tr id="Main.Test3_Footer_afterSuite_byStatus_passed_PASS4_row"
                class="testMethodStatusPASS testMethodStatusCONF">
               <td width="100%" class="firstMethodCell">
                  <a onclick="toggleDetailsVisibility('Main.Test3_Footer_afterSuite_byStatus_passed_PASS4_details')">afterSuite()</a>
               </td>
               <td nowrap="true">17:02:00</td>
               <td nowrap="true" align="right">4s
                  
               </td>
               <td nowrap="true">
                   
                  
               </td>
            </tr>
            <tr>
               <td colspan="4" class="detailsBox">
                  <div id="Main.Test3_Footer_afterSuite_byStatus_passed_PASS4_details"
                       class="testMethodDetails">
                     <div>
                        <b>Name: </b>afterSuite
                     </div>
                     <div>
                        <b>Signature: </b>afterSuite()[pri:0, instance:Main.Test3_Footer@46752d]
                     </div>
                     <div>
                        <b>Start time: </b>17:02:00
                     </div>
                     <div>
                        <b>End time: </b>17:02:04
                     </div>
                     <div>
                        <b>Duration: </b>4s
                        
                     </div>
                  </div>
               </td>
            </tr>
            <tr></tr>
            <tr id="Main.Test1_Form_beforeMethod_byStatus_passed_PASS5_row"
                class="testMethodStatusPASS testMethodStatusCONF">
               <td width="100%" class="firstMethodCell">
                  <a onclick="toggleDetailsVisibility('Main.Test1_Form_beforeMethod_byStatus_passed_PASS5_details')">beforeMethod()</a>
               </td>
               <td nowrap="true">17:00:37</td>
               <td nowrap="true" align="right">4s
                  
               </td>
               <td nowrap="true">
                   
                  
               </td>
            </tr>
            <tr>
               <td colspan="4" class="detailsBox">
                  <div id="Main.Test1_Form_beforeMethod_byStatus_passed_PASS5_details"
                       class="testMethodDetails">
                     <div>
                        <b>Name: </b>beforeMethod
                     </div>
                     <div>
                        <b>Signature: </b>beforeMethod()[pri:0, instance:Main.Test1_Form@4e0456]
                     </div>
                     <div>
                        <b>Start time: </b>17:00:37
                     </div>
                     <div>
                        <b>End time: </b>17:00:41
                     </div>
                     <div>
                        <b>Duration: </b>4s
                        
                     </div>
                  </div>
               </td>
            </tr>
            <tr></tr>
            <tr id="Main.Test1_Form_urlFunction_byStatus_passed_PASS6_row"
                class="testMethodStatusPASS">
               <td width="100%" class="firstMethodCell">
                  <a onclick="toggleDetailsVisibility('Main.Test1_Form_urlFunction_byStatus_passed_PASS6_details')">urlFunction()</a>
               </td>
               <td nowrap="true">17:00:41</td>
               <td nowrap="true" align="right">50s
                  
               </td>
               <td nowrap="true">
                   
                  
               </td>
            </tr>
            <tr>
               <td colspan="4" class="detailsBox">
                  <div id="Main.Test1_Form_urlFunction_byStatus_passed_PASS6_details"
                       class="testMethodDetails">
                     <div>
                        <b>Name: </b>urlFunction
                     </div>
                     <div>
                        <b>Signature: </b>urlFunction()[pri:0, instance:Main.Test1_Form@4e0456]
                     </div>
                     <div>
                        <b>Start time: </b>17:00:41
                     </div>
                     <div>
                        <b>End time: </b>17:01:30
                     </div>
                     <div>
                        <b>Duration: </b>50s
                        
                     </div>
                  </div>
               </td>
            </tr>
            <tr></tr>
            <tr id="Main.Test2_Search_before_byStatus_passed_PASS7_row"
                class="testMethodStatusPASS testMethodStatusCONF">
               <td width="100%" class="firstMethodCell">
                  <a onclick="toggleDetailsVisibility('Main.Test2_Search_before_byStatus_passed_PASS7_details')">before()</a>
               </td>
               <td nowrap="true">16:59:57</td>
               <td nowrap="true" align="right">5s
                  
               </td>
               <td nowrap="true">
                   
                  
               </td>
            </tr>
            <tr>
               <td colspan="4" class="detailsBox">
                  <div id="Main.Test2_Search_before_byStatus_passed_PASS7_details"
                       class="testMethodDetails">
                     <div>
                        <b>Name: </b>before
                     </div>
                     <div>
                        <b>Signature: </b>before()[pri:0, instance:Main.Test2_Search@1036b16]
                     </div>
                     <div>
                        <b>Start time: </b>16:59:57
                     </div>
                     <div>
                        <b>End time: </b>17:00:02
                     </div>
                     <div>
                        <b>Duration: </b>5s
                        
                     </div>
                  </div>
               </td>
            </tr>
            <tr></tr>
            <tr id="Main.Test2_Search_before_byStatus_passed_PASS8_row"
                class="testMethodStatusPASS testMethodStatusCONF">
               <td width="100%" class="firstMethodCell">
                  <a onclick="toggleDetailsVisibility('Main.Test2_Search_before_byStatus_passed_PASS8_details')">before()</a>
               </td>
               <td nowrap="true">17:00:02</td>
               <td nowrap="true" align="right">5s
                  
               </td>
               <td nowrap="true">
                   
                  
               </td>
            </tr>
            <tr>
               <td colspan="4" class="detailsBox">
                  <div id="Main.Test2_Search_before_byStatus_passed_PASS8_details"
                       class="testMethodDetails">
                     <div>
                        <b>Name: </b>before
                     </div>
                     <div>
                        <b>Signature: </b>before()[pri:0, instance:Main.Test3_Footer@46752d]
                     </div>
                     <div>
                        <b>Start time: </b>17:00:02
                     </div>
                     <div>
                        <b>End time: </b>17:00:07
                     </div>
                     <div>
                        <b>Duration: </b>5s
                        
                     </div>
                  </div>
               </td>
            </tr>
            <tr></tr>
            <tr id="Main.Test_SelectCity_selectCityTest1_byStatus_passed_PASS9_row"
                class="testMethodStatusPASS">
               <td width="100%" class="firstMethodCell">
                  <a onclick="toggleDetailsVisibility('Main.Test_SelectCity_selectCityTest1_byStatus_passed_PASS9_details')">selectCityTest1()</a>
               </td>
               <td nowrap="true">17:00:07</td>
               <td nowrap="true" align="right">29s
                  
               </td>
               <td nowrap="true">
                   
                  
               </td>
            </tr>
            <tr>
               <td colspan="4" class="detailsBox">
                  <div id="Main.Test_SelectCity_selectCityTest1_byStatus_passed_PASS9_details"
                       class="testMethodDetails">
                     <div>
                        <b>Name: </b>selectCityTest1
                     </div>
                     <div>
                        <b>Signature: </b>selectCityTest1()[pri:0, instance:Main.Test_SelectCity@16ba008]
                     </div>
                     <div>
                        <b>Start time: </b>17:00:07
                     </div>
                     <div>
                        <b>End time: </b>17:00:36
                     </div>
                     <div>
                        <b>Duration: </b>29s
                        
                     </div>
                  </div>
               </td>
            </tr>
            <tr></tr>
         </table>
      </div>
      <div id="testMethodsByClass" style="display: none;">
         <table class="testMethodsTable" cellpadding="0" cellspacing="0">
            <tr>
               <td colspan="4">
                  <h3 style="display: inline;">Main.Test_SelectCity</h3>
               </td>
            </tr>
            <tr class="methodsTableHeader">
               <td width="100%">Name</td>
               <td nowrap="true">Started</td>
               <td nowrap="true">Duration</td>
               <td>Exception</td>
            </tr>
            <tr id="Main.Test_SelectCity_selectCityTest1_byClass_PASS1_row"
                class="testMethodStatusPASS">
               <td width="100%" class="firstMethodCell">
                  <a onclick="toggleDetailsVisibility('Main.Test_SelectCity_selectCityTest1_byClass_PASS1_details')">selectCityTest1()</a>
               </td>
               <td nowrap="true">17:00:07</td>
               <td nowrap="true" align="right">29s
                  
               </td>
               <td nowrap="true">
                   
                  
               </td>
            </tr>
            <tr>
               <td colspan="4" class="detailsBox">
                  <div id="Main.Test_SelectCity_selectCityTest1_byClass_PASS1_details"
                       class="testMethodDetails">
                     <div>
                        <b>Name: </b>selectCityTest1
                     </div>
                     <div>
                        <b>Signature: </b>selectCityTest1()[pri:0, instance:Main.Test_SelectCity@16ba008]
                     </div>
                     <div>
                        <b>Start time: </b>17:00:07
                     </div>
                     <div>
                        <b>End time: </b>17:00:36
                     </div>
                     <div>
                        <b>Duration: </b>29s
                        
                     </div>
                  </div>
               </td>
            </tr>
            <tr></tr>
         </table>
         <br></br>
         <table class="testMethodsTable" cellpadding="0" cellspacing="0">
            <tr>
               <td colspan="4">
                  <h3 style="display: inline;">Main.Test1_Form</h3>
               </td>
            </tr>
            <tr class="methodsTableHeader">
               <td width="100%">Name</td>
               <td nowrap="true">Started</td>
               <td nowrap="true">Duration</td>
               <td>Exception</td>
            </tr>
            <tr id="Main.Test1_Form_beforeMethod_byClass_PASS1_row"
                class="testMethodStatusPASS testMethodStatusCONF">
               <td width="100%" class="firstMethodCell">
                  <a onclick="toggleDetailsVisibility('Main.Test1_Form_beforeMethod_byClass_PASS1_details')">beforeMethod()</a>
               </td>
               <td nowrap="true">17:00:37</td>
               <td nowrap="true" align="right">4s
                  
               </td>
               <td nowrap="true">
                   
                  
               </td>
            </tr>
            <tr>
               <td colspan="4" class="detailsBox">
                  <div id="Main.Test1_Form_beforeMethod_byClass_PASS1_details"
                       class="testMethodDetails">
                     <div>
                        <b>Name: </b>beforeMethod
                     </div>
                     <div>
                        <b>Signature: </b>beforeMethod()[pri:0, instance:Main.Test1_Form@4e0456]
                     </div>
                     <div>
                        <b>Start time: </b>17:00:37
                     </div>
                     <div>
                        <b>End time: </b>17:00:41
                     </div>
                     <div>
                        <b>Duration: </b>4s
                        
                     </div>
                  </div>
               </td>
            </tr>
            <tr></tr>
            <tr id="Main.Test1_Form_urlFunction_byClass_PASS2_row" class="testMethodStatusPASS">
               <td width="100%" class="firstMethodCell">
                  <a onclick="toggleDetailsVisibility('Main.Test1_Form_urlFunction_byClass_PASS2_details')">urlFunction()</a>
               </td>
               <td nowrap="true">17:00:41</td>
               <td nowrap="true" align="right">50s
                  
               </td>
               <td nowrap="true">
                   
                  
               </td>
            </tr>
            <tr>
               <td colspan="4" class="detailsBox">
                  <div id="Main.Test1_Form_urlFunction_byClass_PASS2_details"
                       class="testMethodDetails">
                     <div>
                        <b>Name: </b>urlFunction
                     </div>
                     <div>
                        <b>Signature: </b>urlFunction()[pri:0, instance:Main.Test1_Form@4e0456]
                     </div>
                     <div>
                        <b>Start time: </b>17:00:41
                     </div>
                     <div>
                        <b>End time: </b>17:01:30
                     </div>
                     <div>
                        <b>Duration: </b>50s
                        
                     </div>
                  </div>
               </td>
            </tr>
            <tr></tr>
         </table>
         <br></br>
         <table class="testMethodsTable" cellpadding="0" cellspacing="0">
            <tr>
               <td colspan="4">
                  <h3 style="display: inline;">Main.Test2_Search</h3>
               </td>
            </tr>
            <tr class="methodsTableHeader">
               <td width="100%">Name</td>
               <td nowrap="true">Started</td>
               <td nowrap="true">Duration</td>
               <td>Exception</td>
            </tr>
            <tr id="Main.Test2_Search_before_byClass_PASS1_row"
                class="testMethodStatusPASS testMethodStatusCONF">
               <td width="100%" class="firstMethodCell">
                  <a onclick="toggleDetailsVisibility('Main.Test2_Search_before_byClass_PASS1_details')">before()</a>
               </td>
               <td nowrap="true">16:59:57</td>
               <td nowrap="true" align="right">5s
                  
               </td>
               <td nowrap="true">
                   
                  
               </td>
            </tr>
            <tr>
               <td colspan="4" class="detailsBox">
                  <div id="Main.Test2_Search_before_byClass_PASS1_details" class="testMethodDetails">
                     <div>
                        <b>Name: </b>before
                     </div>
                     <div>
                        <b>Signature: </b>before()[pri:0, instance:Main.Test2_Search@1036b16]
                     </div>
                     <div>
                        <b>Start time: </b>16:59:57
                     </div>
                     <div>
                        <b>End time: </b>17:00:02
                     </div>
                     <div>
                        <b>Duration: </b>5s
                        
                     </div>
                  </div>
               </td>
            </tr>
            <tr></tr>
            <tr id="Main.Test2_Search_before_byClass_PASS2_row"
                class="testMethodStatusPASS testMethodStatusCONF">
               <td width="100%" class="firstMethodCell">
                  <a onclick="toggleDetailsVisibility('Main.Test2_Search_before_byClass_PASS2_details')">before()</a>
               </td>
               <td nowrap="true">17:00:02</td>
               <td nowrap="true" align="right">5s
                  
               </td>
               <td nowrap="true">
                   
                  
               </td>
            </tr>
            <tr>
               <td colspan="4" class="detailsBox">
                  <div id="Main.Test2_Search_before_byClass_PASS2_details" class="testMethodDetails">
                     <div>
                        <b>Name: </b>before
                     </div>
                     <div>
                        <b>Signature: </b>before()[pri:0, instance:Main.Test3_Footer@46752d]
                     </div>
                     <div>
                        <b>Start time: </b>17:00:02
                     </div>
                     <div>
                        <b>End time: </b>17:00:07
                     </div>
                     <div>
                        <b>Duration: </b>5s
                        
                     </div>
                  </div>
               </td>
            </tr>
            <tr></tr>
            <tr id="Main.Test2_Search_imagesSort_byClass_FAIL3_row"
                class="testMethodStatusFAIL">
               <td width="100%" class="firstMethodCell">
                  <a onclick="toggleDetailsVisibility('Main.Test2_Search_imagesSort_byClass_FAIL3_details')">imagesSort()</a>
               </td>
               <td nowrap="true">17:00:36</td>
               <td nowrap="true" align="right">328 ms
                  
               </td>
               <td nowrap="true">
                  <a onclick="toggleDetailsVisibility('Main.Test2_Search_imagesSort_byClass_FAIL3_exception')">org.openqa.selenium.remote.SessionNotFoundException: 
                     no such session
                     (Driver info: chromedriver=2.9.248315,platform=Windows NT 6.1 SP1 x86) (WARNING: The server did not provide any stacktrace
                     information)
                     Command duration or timeout: 328 milliseconds
                     Build info: version: '2.43.0', revision: '597b76b', time: '2014-09-09 20:52:14'
                     System info: host: 'priyas', ip: '192.168.1.37', os.name: 'Windows 7', os.arch: 'x86', os.version: '6.1', java.version: '1.7.0_65'
                     Session ID: c5309e4d3c30e2ae3e902eaee0a7d2b1
                     Driver info: org.openqa.selenium.chrome.ChromeDriver
                     Capabilities [{platform=XP, acceptSslCerts=true, javascriptEnabled=true, browserName=chrome, chrome={userDataDir=C:\Users\Admin\AppData\Local\Temp\scoped_dir7044_16778},
                     rotatable=false, locationContextEnabled=true, version=38.0.2125.77, takesHeapSnapshot=true, cssSelectorsEnabled=true, databaseEnabled=false,
                     handlesAlerts=true, browserConnectionEnabled=false, nativeEvents=true, webStorageEnabled=true, applicationCacheEnabled=false,
                     takesScreenshot=true}]
                     
                  </a>
                   
                  
               </td>
            </tr>
            <tr>
               <td colspan="4" class="detailsBox">
                  <div id="Main.Test2_Search_imagesSort_byClass_FAIL3_details"
                       class="testMethodDetails">
                     <div>
                        <b>Name: </b>imagesSort
                     </div>
                     <div>
                        <b>Signature: </b>imagesSort()[pri:0, instance:Main.Test2_Search@1036b16]
                     </div>
                     <div>
                        <b>Start time: </b>17:00:36
                     </div>
                     <div>
                        <b>End time: </b>17:00:37
                     </div>
                     <div>
                        <b>Duration: </b>328 ms
                        
                     </div>
                  </div>
               </td>
            </tr>
            <tr>
               <td colspan="4" class="detailsBox">
                  <div id="Main.Test2_Search_imagesSort_byClass_FAIL3_exception"
                       class="testMethodDetails">
                     <pre style="padding: 5px; margin: 0;">org.openqa.selenium.remote.SessionNotFoundException: no such session
                        (Driver info: chromedriver=2.9.248315,platform=Windows NT 6.1 SP1 x86) (WARNING: The server did not provide any stacktrace
                        information)
                        Command duration or timeout: 328 milliseconds
                        Build info: version: '2.43.0', revision: '597b76b', time: '2014-09-09 20:52:14'
                        System info: host: 'priyas', ip: '192.168.1.37', os.name: 'Windows 7', os.arch: 'x86', os.version: '6.1', java.version: '1.7.0_65'
                        Session ID: c5309e4d3c30e2ae3e902eaee0a7d2b1
                        Driver info: org.openqa.selenium.chrome.ChromeDriver
                        Capabilities [{platform=XP, acceptSslCerts=true, javascriptEnabled=true, browserName=chrome, chrome={userDataDir=C:\Users\Admin\AppData\Local\Temp\scoped_dir7044_16778},
                        rotatable=false, locationContextEnabled=true, version=38.0.2125.77, takesHeapSnapshot=true, cssSelectorsEnabled=true, databaseEnabled=false,
                        handlesAlerts=true, browserConnectionEnabled=false, nativeEvents=true, webStorageEnabled=true, applicationCacheEnabled=false,
                        takesScreenshot=true}]
                        	at sun.reflect.NativeConstructorAccessorImpl.newInstance0(Native Method)
                        	at sun.reflect.NativeConstructorAccessorImpl.newInstance(NativeConstructorAccessorImpl.java:57)
                        	at sun.reflect.DelegatingConstructorAccessorImpl.newInstance(DelegatingConstructorAccessorImpl.java:45)
                        	at java.lang.reflect.Constructor.newInstance(Constructor.java:526)
                        	at org.openqa.selenium.remote.ErrorHandler.createThrowable(ErrorHandler.java:204)
                        	at org.openqa.selenium.remote.ErrorHandler.throwIfResponseFailed(ErrorHandler.java:162)
                        	at org.openqa.selenium.remote.RemoteWebDriver.execute(RemoteWebDriver.java:599)
                        	at org.openqa.selenium.remote.RemoteWebDriver.get(RemoteWebDriver.java:304)
                        	at Main.Test2_Search.imagesSort(Test2_Search.java:29)
                        	at sun.reflect.NativeMethodAccessorImpl.invoke0(Native Method)
                        	at sun.reflect.NativeMethodAccessorImpl.invoke(NativeMethodAccessorImpl.java:57)
                        	at sun.reflect.DelegatingMethodAccessorImpl.invoke(DelegatingMethodAccessorImpl.java:43)
                        	at java.lang.reflect.Method.invoke(Method.java:606)
                        	at org.testng.internal.MethodInvocationHelper.invokeMethod(MethodInvocationHelper.java:84)
                        	at org.testng.internal.Invoker.invokeMethod(Invoker.java:714)
                        	at org.testng.internal.Invoker.invokeTestMethod(Invoker.java:901)
                        	at org.testng.internal.Invoker.invokeTestMethods(Invoker.java:1231)
                        	at org.testng.internal.TestMethodWorker.invokeTestMethods(TestMethodWorker.java:127)
                        	at org.testng.internal.TestMethodWorker.run(TestMethodWorker.java:111)
                        	at org.testng.TestRunner.privateRun(TestRunner.java:767)
                        	at org.testng.TestRunner.run(TestRunner.java:617)
                        	at org.testng.SuiteRunner.runTest(SuiteRunner.java:334)
                        	at org.testng.SuiteRunner.runSequentially(SuiteRunner.java:329)
                        	at org.testng.SuiteRunner.privateRun(SuiteRunner.java:291)
                        	at org.testng.SuiteRunner.run(SuiteRunner.java:240)
                        	at org.testng.SuiteRunnerWorker.runSuite(SuiteRunnerWorker.java:52)
                        	at org.testng.SuiteRunnerWorker.run(SuiteRunnerWorker.java:86)
                        	at org.testng.TestNG.runSuitesSequentially(TestNG.java:1224)
                        	at org.testng.TestNG.runSuitesLocally(TestNG.java:1149)
                        	at org.testng.TestNG.run(TestNG.java:1057)
                        	at org.testng.TestNG.privateMain(TestNG.java:1364)
                        	at org.testng.TestNG.main(TestNG.java:1333)
                     </pre>
                  </div>
               </td>
            </tr>
         </table>
         <br></br>
         <table class="testMethodsTable" cellpadding="0" cellspacing="0">
            <tr>
               <td colspan="4">
                  <h3 style="display: inline;">Main.Test3_Footer</h3>
               </td>
            </tr>
            <tr class="methodsTableHeader">
               <td width="100%">Name</td>
               <td nowrap="true">Started</td>
               <td nowrap="true">Duration</td>
               <td>Exception</td>
            </tr>
            <tr id="Main.Test3_Footer_initialize_byClass_PASS1_row"
                class="testMethodStatusPASS testMethodStatusCONF">
               <td width="100%" class="firstMethodCell">
                  <a onclick="toggleDetailsVisibility('Main.Test3_Footer_initialize_byClass_PASS1_details')">initialize()</a>
               </td>
               <td nowrap="true">16:59:51</td>
               <td nowrap="true" align="right">23 ms
                  
               </td>
               <td nowrap="true">
                   
                  
               </td>
            </tr>
            <tr>
               <td colspan="4" class="detailsBox">
                  <div id="Main.Test3_Footer_initialize_byClass_PASS1_details"
                       class="testMethodDetails">
                     <div>
                        <b>Name: </b>initialize
                     </div>
                     <div>
                        <b>Signature: </b>initialize()[pri:0, instance:Main.Test3_Footer@46752d]
                     </div>
                     <div>
                        <b>Start time: </b>16:59:51
                     </div>
                     <div>
                        <b>End time: </b>16:59:51
                     </div>
                     <div>
                        <b>Duration: </b>23 ms
                        
                     </div>
                  </div>
               </td>
            </tr>
            <tr></tr>
            <tr id="Main.Test3_Footer_beforeMethod_byClass_PASS2_row"
                class="testMethodStatusPASS testMethodStatusCONF">
               <td width="100%" class="firstMethodCell">
                  <a onclick="toggleDetailsVisibility('Main.Test3_Footer_beforeMethod_byClass_PASS2_details')">beforeMethod()</a>
               </td>
               <td nowrap="true">16:59:51</td>
               <td nowrap="true" align="right">6s
                  
               </td>
               <td nowrap="true">
                   
                  
               </td>
            </tr>
            <tr>
               <td colspan="4" class="detailsBox">
                  <div id="Main.Test3_Footer_beforeMethod_byClass_PASS2_details"
                       class="testMethodDetails">
                     <div>
                        <b>Name: </b>beforeMethod
                     </div>
                     <div>
                        <b>Signature: </b>beforeMethod()[pri:0, instance:Main.Test_SelectCity@16ba008]
                     </div>
                     <div>
                        <b>Start time: </b>16:59:51
                     </div>
                     <div>
                        <b>End time: </b>16:59:57
                     </div>
                     <div>
                        <b>Duration: </b>6s
                        
                     </div>
                     <div>
                        <b>Depends on methods:
                           
                        </b>
                        <div>
                               -
                           Main.TestBase.initialize
                        </div>
                     </div>
                  </div>
               </td>
            </tr>
            <tr></tr>
            <tr id="Main.Test3_Footer_imagesSort_byClass_PASS3_row"
                class="testMethodStatusPASS">
               <td width="100%" class="firstMethodCell">
                  <a onclick="toggleDetailsVisibility('Main.Test3_Footer_imagesSort_byClass_PASS3_details')">imagesSort()</a>
               </td>
               <td nowrap="true">17:01:30</td>
               <td nowrap="true" align="right">30s
                  
               </td>
               <td nowrap="true">
                   
                  
               </td>
            </tr>
            <tr>
               <td colspan="4" class="detailsBox">
                  <div id="Main.Test3_Footer_imagesSort_byClass_PASS3_details"
                       class="testMethodDetails">
                     <div>
                        <b>Name: </b>imagesSort
                     </div>
                     <div>
                        <b>Signature: </b>imagesSort()[pri:0, instance:Main.Test3_Footer@46752d]
                     </div>
                     <div>
                        <b>Start time: </b>17:01:30
                     </div>
                     <div>
                        <b>End time: </b>17:02:00
                     </div>
                     <div>
                        <b>Duration: </b>30s
                        
                     </div>
                  </div>
               </td>
            </tr>
            <tr></tr>
            <tr id="Main.Test3_Footer_afterSuite_byClass_PASS4_row"
                class="testMethodStatusPASS testMethodStatusCONF">
               <td width="100%" class="firstMethodCell">
                  <a onclick="toggleDetailsVisibility('Main.Test3_Footer_afterSuite_byClass_PASS4_details')">afterSuite()</a>
               </td>
               <td nowrap="true">17:02:00</td>
               <td nowrap="true" align="right">4s
                  
               </td>
               <td nowrap="true">
                   
                  
               </td>
            </tr>
            <tr>
               <td colspan="4" class="detailsBox">
                  <div id="Main.Test3_Footer_afterSuite_byClass_PASS4_details"
                       class="testMethodDetails">
                     <div>
                        <b>Name: </b>afterSuite
                     </div>
                     <div>
                        <b>Signature: </b>afterSuite()[pri:0, instance:Main.Test3_Footer@46752d]
                     </div>
                     <div>
                        <b>Start time: </b>17:02:00
                     </div>
                     <div>
                        <b>End time: </b>17:02:04
                     </div>
                     <div>
                        <b>Duration: </b>4s
                        
                     </div>
                  </div>
               </td>
            </tr>
            <tr></tr>
         </table>
         <br></br>
      </div>
      <div style="margin-top: 15px; color: gray; text-align: center; font-size: 9px;">
         Generated with
         
         <a href="http://code.google.com/p/testng-xslt/" style="color: #8888aa;"
            target="_blank">
            TestNG XSLT
            
         </a>
      </div>
   </body>
</html>