<html>
<head>
<title>TestNG:  order1</title>
<link href="../testng.css" rel="stylesheet" type="text/css" />
<link href="../my-testng.css" rel="stylesheet" type="text/css" />

<style type="text/css">
.log { display: none;} 
.stack-trace { display: none;} 
</style>
<script type="text/javascript">
<!--
function flip(e) {
  current = e.style.display;
  if (current == 'block') {
    e.style.display = 'none';
    return 0;
  }
  else {
    e.style.display = 'block';
    return 1;
  }
}

function toggleBox(szDivId, elem, msg1, msg2)
{
  var res = -1;  if (document.getElementById) {
    res = flip(document.getElementById(szDivId));
  }
  else if (document.all) {
    // this is the way old msie versions work
    res = flip(document.all[szDivId]);
  }
  if(elem) {
    if(res == 0) elem.innerHTML = msg1; else elem.innerHTML = msg2;
  }

}

function toggleAllBoxes() {
  if (document.getElementsByTagName) {
    d = document.getElementsByTagName('div');
    for (i = 0; i < d.length; i++) {
      if (d[i].className == 'log') {
        flip(d[i]);
      }
    }
  }
}

// -->
</script>

</head>
<body>
<h2 align='center'>order1</h2><table border='1' align="center">
<tr>
<td>Tests passed/Failed/Skipped:</td><td>3/1/0</td>
</tr><tr>
<td>Started on:</td><td>Thu Sep 25 16:59:57 IST 2014</td>
</tr>
<tr><td>Total time:</td><td>122 seconds (122680 ms)</td>
</tr><tr>
<td>Included groups:</td><td></td>
</tr><tr>
<td>Excluded groups:</td><td></td>
</tr>
</table><p/>
<small><i>(Hover the method name to see the test class name)</i></small><p/>
<table width='100%' border='1' class='invocation-failed'>
<tr><td colspan='4' align='center'><b>FAILED TESTS</b></td></tr>
<tr><td><b>Test method</b></td>
<td width="30%"><b>Exception</b></td>
<td width="10%"><b>Time (seconds)</b></td>
<td><b>Instance</b></td>
</tr>
<tr>
<td title='Main.Test2_Search.imagesSort()'><b>imagesSort</b><br>Test class: Main.Test2_Search<br/>
<a href="#Output-14034722" onClick='toggleBox("Output-14034722", this, "Show output", "Hide output");'>Show output</a>

<a href="#Output-14034722" onClick="toggleAllBoxes();">Show all outputs</a>
<div class='log' id="Output-14034722">
This is new Test<br/>
</div>
</td>
<td><div><pre>org.openqa.selenium.remote.SessionNotFoundException: no such session
  (Driver info: chromedriver=2.9.248315,platform=Windows NT 6.1 SP1 x86) (WARNING: The server did not provide any stacktrace information)
Command duration or timeout: 328 milliseconds
Build info: version: &apos;2.43.0&apos;, revision: &apos;597b76b&apos;, time: &apos;2014-09-09 20:52:14&apos;
System info: host: &apos;priyas&apos;, ip: &apos;192.168.1.37&apos;, os.name: &apos;Windows 7&apos;, os.arch: &apos;x86&apos;, os.version: &apos;6.1&apos;, java.version: &apos;1.7.0_65&apos;
Session ID: c5309e4d3c30e2ae3e902eaee0a7d2b1
Driver info: org.openqa.selenium.chrome.ChromeDriver
Capabilities [{platform=XP, acceptSslCerts=true, javascriptEnabled=true, browserName=chrome, chrome={userDataDir=C:\Users\Admin\AppData\Local\Temp\scoped_dir7044_16778}, rotatable=false, locationContextEnabled=true, version=38.0.2125.77, takesHeapSnapshot=true, cssSelectorsEnabled=true, databaseEnabled=false, handlesAlerts=true, browserConnectionEnabled=false, nativeEvents=true, webStorageEnabled=true, applicationCacheEnabled=false, takesScreenshot=true}]
	at org.openqa.selenium.remote.ErrorHandler.createThrowable(ErrorHandler.java:204)
	at org.openqa.selenium.remote.ErrorHandler.throwIfResponseFailed(ErrorHandler.java:162)
	at org.openqa.selenium.remote.RemoteWebDriver.execute(RemoteWebDriver.java:599)
	at org.openqa.selenium.remote.RemoteWebDriver.get(RemoteWebDriver.java:304)
	at Main.Test2_Search.imagesSort(Test2_Search.java:29)
... Removed 27 stack frames</pre></div><a href='#' onClick='toggleBox("stack-trace14034722", this, "Click to show all stack frames", "Click to hide stack frames")'>Click to show all stack frames</a>
<div class='stack-trace' id='stack-trace14034722'><pre>org.openqa.selenium.remote.SessionNotFoundException: no such session
  (Driver info: chromedriver=2.9.248315,platform=Windows NT 6.1 SP1 x86) (WARNING: The server did not provide any stacktrace information)
Command duration or timeout: 328 milliseconds
Build info: version: &apos;2.43.0&apos;, revision: &apos;597b76b&apos;, time: &apos;2014-09-09 20:52:14&apos;
System info: host: &apos;priyas&apos;, ip: &apos;192.168.1.37&apos;, os.name: &apos;Windows 7&apos;, os.arch: &apos;x86&apos;, os.version: &apos;6.1&apos;, java.version: &apos;1.7.0_65&apos;
Session ID: c5309e4d3c30e2ae3e902eaee0a7d2b1
Driver info: org.openqa.selenium.chrome.ChromeDriver
Capabilities [{platform=XP, acceptSslCerts=true, javascriptEnabled=true, browserName=chrome, chrome={userDataDir=C:\Users\Admin\AppData\Local\Temp\scoped_dir7044_16778}, rotatable=false, locationContextEnabled=true, version=38.0.2125.77, takesHeapSnapshot=true, cssSelectorsEnabled=true, databaseEnabled=false, handlesAlerts=true, browserConnectionEnabled=false, nativeEvents=true, webStorageEnabled=true, applicationCacheEnabled=false, takesScreenshot=true}]
	at sun.reflect.NativeConstructorAccessorImpl.newInstance0(Native Method)
	at sun.reflect.NativeConstructorAccessorImpl.newInstance(NativeConstructorAccessorImpl.java:57)
	at sun.reflect.DelegatingConstructorAccessorImpl.newInstance(DelegatingConstructorAccessorImpl.java:45)
	at java.lang.reflect.Constructor.newInstance(Constructor.java:526)
	at org.openqa.selenium.remote.ErrorHandler.createThrowable(ErrorHandler.java:204)
	at org.openqa.selenium.remote.ErrorHandler.throwIfResponseFailed(ErrorHandler.java:162)
	at org.openqa.selenium.remote.RemoteWebDriver.execute(RemoteWebDriver.java:599)
	at org.openqa.selenium.remote.RemoteWebDriver.get(RemoteWebDriver.java:304)
	at Main.Test2_Search.imagesSort(Test2_Search.java:29)
	at sun.reflect.NativeMethodAccessorImpl.invoke0(Native Method)
	at sun.reflect.NativeMethodAccessorImpl.invoke(NativeMethodAccessorImpl.java:57)
	at sun.reflect.DelegatingMethodAccessorImpl.invoke(DelegatingMethodAccessorImpl.java:43)
	at java.lang.reflect.Method.invoke(Method.java:606)
	at org.testng.internal.MethodInvocationHelper.invokeMethod(MethodInvocationHelper.java:84)
	at org.testng.internal.Invoker.invokeMethod(Invoker.java:714)
	at org.testng.internal.Invoker.invokeTestMethod(Invoker.java:901)
	at org.testng.internal.Invoker.invokeTestMethods(Invoker.java:1231)
	at org.testng.internal.TestMethodWorker.invokeTestMethods(TestMethodWorker.java:127)
	at org.testng.internal.TestMethodWorker.run(TestMethodWorker.java:111)
	at org.testng.TestRunner.privateRun(TestRunner.java:767)
	at org.testng.TestRunner.run(TestRunner.java:617)
	at org.testng.SuiteRunner.runTest(SuiteRunner.java:334)
	at org.testng.SuiteRunner.runSequentially(SuiteRunner.java:329)
	at org.testng.SuiteRunner.privateRun(SuiteRunner.java:291)
	at org.testng.SuiteRunner.run(SuiteRunner.java:240)
	at org.testng.SuiteRunnerWorker.runSuite(SuiteRunnerWorker.java:52)
	at org.testng.SuiteRunnerWorker.run(SuiteRunnerWorker.java:86)
	at org.testng.TestNG.runSuitesSequentially(TestNG.java:1224)
	at org.testng.TestNG.runSuitesLocally(TestNG.java:1149)
	at org.testng.TestNG.run(TestNG.java:1057)
	at org.testng.TestNG.privateMain(TestNG.java:1364)
	at org.testng.TestNG.main(TestNG.java:1333)
</pre></div></td>
<td>0</td>
<td>Main.Test2_Search@1036b16</td></tr>
</table><p>
<table width='100%' border='1' class='invocation-passed'>
<tr><td colspan='4' align='center'><b>PASSED TESTS</b></td></tr>
<tr><td><b>Test method</b></td>
<td width="30%"><b>Exception</b></td>
<td width="10%"><b>Time (seconds)</b></td>
<td><b>Instance</b></td>
</tr>
<tr>
<td title='Main.Test3_Footer.imagesSort()'><b>imagesSort</b><br>Test class: Main.Test3_Footer<br/>
<a href="#Output-27200915" onClick='toggleBox("Output-27200915", this, "Show output", "Hide output");'>Show output</a>

<a href="#Output-27200915" onClick="toggleAllBoxes();">Show all outputs</a>
<div class='log' id="Output-27200915">
This is new Test for Footer Links<br/>
 The Footer link href http://www.olx.in/posting.php?categ_id=831	Class name is:post-ad-buttons-outer corner-radius bottom-tip post-mobile <br/>
 The Footer link href http://www.olx.in/posting.php?categ_id=835	Class name is:post-ad-buttons-outer corner-radius bottom-tip post-laptop<br/>
 The Footer link href http://www.olx.in/posting.php?categ_id=498	Class name is:post-ad-buttons-outer corner-radius bottom-tip post-appliances<br/>
 The Footer link href http://www.olx.in/posting.php?categ_id=896	Class name is:post-ad-buttons-outer corner-radius bottom-tip post-electronics<br/>
 The Footer link href http://www.olx.in/posting.php?categ_id=228	Class name is:post-ad-buttons-outer corner-radius bottom-tip post-furniture<br/>
 The Footer link href http://www.olx.in/posting.php?categ_id=214	Class name is:post-ad-buttons-outer corner-radius bottom-tip post-art<br/>
 The Footer link href http://www.olx.in/posting.php?categ_id=834	Class name is:post-ad-buttons-outer corner-radius bottom-tip post-cameras<br/>
 The Footer link href http://www.olx.in/posting.php?categ_id=380	Class name is:post-ad-buttons-outer corner-radius bottom-tip post-bicycles<br/>
 The Footer link href http://www.olx.in/posting.php?categ_id=879	Class name is:post-ad-buttons-outer corner-radius bottom-tip post-baby-goods<br/>
 The Footer link href http://www.olx.in/posting.php?categ_id=901	Class name is:post-ad-buttons-outer corner-radius bottom-tip post-clothes<br/>
</div>
</td>
<td></td>
<td>29</td>
<td>Main.Test3_Footer@46752d</td></tr>
<tr>
<td title='Main.Test_SelectCity.selectCityTest1()'><b>selectCityTest1</b><br>Test class: Main.Test_SelectCity</td>
<td></td>
<td>29</td>
<td>Main.Test_SelectCity@16ba008</td></tr>
<tr>
<td title='Main.Test1_Form.urlFunction()'><b>urlFunction</b><br>Test class: Main.Test1_Form<br/>
<a href="#Output-21917938" onClick='toggleBox("Output-21917938", this, "Show output", "Hide output");'>Show output</a>

<a href="#Output-21917938" onClick="toggleAllBoxes();">Show all outputs</a>
<div class='log' id="Output-21917938">
This is to Fill Submit ad Form<br/>
</div>
</td>
<td></td>
<td>49</td>
<td>Main.Test1_Form@4e0456</td></tr>
</table><p>
</body>
</html>